sample.interval=20000
"as.matrix" "svd" "significant" 
"significant" 
"significant" 
"mean" "significant" 
"La.svd" "svd" "significant" 
"La.svd" "svd" "significant" 
"as.matrix" "svd" "significant" 
"significant" 
"La.svd" "svd" "significant" 
"La.svd" "svd" "significant" 
"as.matrix" "svd" "significant" 
"mean" "significant" 
"matrix" "La.svd" "svd" "significant" 
"La.svd" "svd" "significant" 
"matrix" "La.svd" "svd" "significant" 
"as.matrix" "La.svd" "svd" "significant" 
"as.matrix" "svd" "significant" 
"La.svd" "svd" "significant" 
"La.svd" "svd" "significant" 
"svd" "significant" 
"as.matrix" "La.svd" "svd" "significant" 
"svd" "significant" 
"mean" "significant" 
"svd" "significant" 
"mean" "significant" 
"svd" "significant" 
"svd" "significant" 
"as.matrix" "svd" "significant" 
"La.svd" "svd" "significant" 
"as.matrix" "svd" "significant" 
"svd" "significant" 
"mean" "significant" 
"significant" 
"double" "La.svd" "svd" "significant" 
"matrix" "La.svd" "svd" "significant" 
"La.svd" "svd" "significant" 
"mean" "significant" 
"matrix" "La.svd" "svd" "significant" 
"mean.default" "mean" "significant" 
"as.matrix.default" "as.matrix" "svd" "significant" 
"La.svd" "svd" "significant" 
"as.matrix" "svd" "significant" 
"matrix" "La.svd" "svd" "significant" 
"as.matrix" "La.svd" "svd" "significant" 
"svd" "significant" 
"as.matrix" "La.svd" "svd" "significant" 
"La.svd" "svd" "significant" 
"mean" "significant" 
"svd" "significant" 
"La.svd" "svd" "significant" 
"as.matrix" "La.svd" "svd" "significant" 
"crossprod" "significant" 
"ncol" "La.svd" "svd" "significant" 
"svd" "significant" 
"mean" "significant" 
"as.matrix" "La.svd" "svd" "significant" 
"mean" "significant" 
"as.matrix" "La.svd" "svd" "significant" 
"as.matrix" "La.svd" "svd" "significant" 
"as.matrix" "La.svd" "svd" "significant" 
"as.matrix" "svd" "significant" 
"significant" 
"nrow" "La.svd" "svd" "significant" 
"mean" "significant" 
"as.matrix" "svd" "significant" 
"matrix" "La.svd" "svd" "significant" 
"La.svd" "svd" "significant" 
"La.svd" "svd" "significant" 
"La.svd" "svd" "significant" 
"mean" "significant" 
"mean" "significant" 
"as.matrix" "svd" "significant" 
"significant" 
"mean" "significant" 
"as.matrix.default" "as.matrix" "svd" "significant" 
"La.svd" "svd" "significant" 
"mean" "significant" 
"La.svd" "svd" "significant" 
"La.svd" "svd" "significant" 
"double" "La.svd" "svd" "significant" 
"matrix" "La.svd" "svd" "significant" 
"La.svd" "svd" "significant" 
"La.svd" "svd" "significant" 
"La.svd" "svd" "significant" 
"La.svd" "svd" "significant" 
"sample.int" "sample" "significant" 
"mean" "significant" 
"list" "svd" "significant" 
"as.matrix" "svd" "significant" 
"mean" "significant" 
"as.matrix.default" "as.matrix" "svd" "significant" 
"as.matrix" "svd" "significant" 
"La.svd" "svd" "significant" 
"significant" 
"La.svd" "svd" "significant" 
"as.matrix" "La.svd" "svd" "significant" 
"length" "mean.default" "mean" "significant" 
"La.svd" "svd" "significant" 
":" "significant" 
"significant" 
"as.matrix" "svd" "significant" 
"as.matrix" "La.svd" "svd" "significant" 
"as.matrix" "svd" "significant" 
"as.matrix" "svd" "significant" 
"any" "La.svd" "svd" "significant" 
"significant" 
"mean" "significant" 
"La.svd" "svd" "significant" 
"significant" 
"La.svd" "svd" "significant" 
"as.matrix" "La.svd" "svd" "significant" 
"significant" 
"matrix" "La.svd" "svd" "significant" 
"is.finite" "svd" "significant" 
"nrow" "La.svd" "svd" "significant" 
"mean" "significant" 
"La.svd" "svd" "significant" 
"as.matrix" "svd" "significant" 
"mean.default" "mean" "significant" 
"mean" "significant" 
"as.matrix" "La.svd" "svd" "significant" 
"svd" "significant" 
"as.matrix" "svd" "significant" 
"svd" "significant" 
"La.svd" "svd" "significant" 
"La.svd" "svd" "significant" 
"svd" "significant" 
"La.svd" "svd" "significant" 
"as.matrix" "La.svd" "svd" "significant" 
"mean.default" "mean" "significant" 
"as.matrix" "svd" "significant" 
"double" "La.svd" "svd" "significant" 
